build/app/outputs/mapping/release/seeds.txt
com.elemes.ecobiz_mobile_flutter.MainActivity: MainActivity()
com.elemes.ecobiz_mobile_flutter.MainActivity
...
androidx.lifecycle.Lifecycle$Event: androidx.lifecycle.Lifecycle$Event ON_ANY
com.google.crypto.tink.proto.Keyset$Key: int keyId_
com.google.crypto.tink.proto.RegistryConfig: com.google.crypto.tink.proto.RegistryConfig DEFAULT_INSTANCE
com.google.crypto.tink.proto.KeysetInfo: int PRIMARY_KEY_ID_FIELD_NUMBER
com.google.android.datatransport.runtime.scheduling.jobscheduling.JobInfoSchedulerService
androidx.window.core.Version$bigInteger$2: androidx.window.core.Version this$0
com.google.crypto.tink.proto.KeyData: com.google.crypto.tink.proto.KeyData DEFAULT_INSTANCE
com.google.android.gms.internal.firebase_messaging.zzr: com.google.android.gms.internal.firebase_messaging.zzr[] values()
androidx.window.embedding.SplitPairRule: SplitPairRule(java.util.Set,boolean,boolean,boolean,int,int,float,int)
androidx.window.layout.SidecarCompat: androidx.window.sidecar.SidecarInterface sidecar
androidx.window.embedding.EmbeddingCompat: boolean DEBUG
androidx.window.layout.FoldingFeature$Orientation: java.lang.String description
io.flutter.embedding.engine.FlutterJNI: void nativeOnVsync(long,long,long)
kotlinx.coroutines.ChildHandleNode
kotlin.coroutines.jvm.internal.ContinuationImpl: kotlin.coroutines.CoroutineContext _context
com.google.crypto.tink.proto.AesGcmSivKey: com.google.crypto.tink.proto.AesGcmSivKey DEFAULT_INSTANCE
com.google.crypto.tink.proto.KeyData
io.flutter.plugins.firebase.core.FlutterFirebasePluginRegistry: com.google.android.gms.tasks.Task getPluginConstantsForFirebaseApp(com.google.firebase.FirebaseApp)
androidx.window.core.Version: int getMajor()
io.flutter.embedding.engine.FlutterJNI: void nativeRunBundleAndSnapshotFromLibrary(long,java.lang.String,java.lang.String,java.lang.String,android.content.res.AssetManager,java.util.List)
io.flutter.embedding.engine.FlutterJNI: void nativeSurfaceCreated(long,android.view.Surface)
kotlinx.coroutines.DefaultExecutor: java.lang.Thread _thread
io.flutter.view.FlutterCallbackInformation
io.flutter.embedding.engine.renderer.SurfaceTextureWrapper: void detachFromGLContext()
io.flutter.embedding.android.FlutterImageView$SurfaceKind: io.flutter.embedding.android.FlutterImageView$SurfaceKind valueOf(java.lang.String)
com.google.firebase.datatransport.TransportRegistrar: TransportRegistrar()
io.flutter.embedding.engine.systemchannels.PlatformChannel$SystemUiOverlay: io.flutter.embedding.engine.systemchannels.PlatformChannel$SystemUiOverlay[] values()
com.google.crypto.tink.proto.AesSivKeyFormat: com.google.crypto.tink.shaded.protobuf.Parser PARSER
com.google.crypto.tink.proto.EncryptedKeyset: com.google.crypto.tink.proto.EncryptedKeyset DEFAULT_INSTANCE
androidx.work.BackoffPolicy: androidx.work.BackoffPolicy valueOf(java.lang.String)
io.flutter.embedding.engine.FlutterJNI: long performNativeAttach(io.flutter.embedding.engine.FlutterJNI)
io.flutter.embedding.engine.FlutterJNI: boolean isCodePointEmojiModifier(int)
kotlin.jvm.internal.CallableReference: kotlin.reflect.KCallable getReflected()
androidx.work.impl.background.systemjob.SystemJobService
androidx.window.java.layout.WindowInfoTrackerCallbackAdapter: java.util.Map consumerToJobMap
kotlinx.coroutines.scheduling.WorkQueue: int blockingTasksInBuffer
androidx.work.WorkManagerInitializer
com.google.firebase.messaging.FirebaseMessagingRegistrar: com.google.firebase.messaging.FirebaseMessaging lambda$getComponents$0(com.google.firebase.components.ComponentContainer)
androidx.window.layout.HardwareFoldingFeature$Type
android.support.v4.app.RemoteActionCompatParcelizer
androidx.window.core.Bounds: int getBottom()
com.google.crypto.tink.proto.KmsAeadKey: int version_
io.flutter.embedding.engine.FlutterJNI: void nativePrefetchDefaultFontManager()
androidx.window.embedding.ActivityStack: ActivityStack(java.util.List,boolean)
com.google.crypto.tink.proto.HmacKeyFormat: int VERSION_FIELD_NUMBER
io.flutter.embedding.engine.FlutterJNI: java.util.Set flutterUiDisplayListeners