build/app/outputs/mapping/release/mapping.txt
# compiler: R8
# compiler_version: 2.1.62
# min_api: 21
# pg_map_id: f607298
# common_typos_disable
...
com.google.android.gms.internal.firebase_messaging.zzd -> e.b.a.b.c.b.d:
    com.google.firebase.encoders.config.Configurator zza -> a
    void configure(com.google.firebase.encoders.config.EncoderConfig) -> a
com.google.android.gms.internal.firebase_messaging.zze -> e.b.a.b.c.b.e:
    com.google.android.gms.internal.firebase_messaging.zzx zza -> a
    com.google.firebase.messaging.reporting.MessagingClientEventExtension zza() -> a
    byte[] zzc(java.lang.Object) -> b
com.google.android.gms.internal.firebase_messaging.zzf -> e.b.a.b.c.b.f:
com.google.android.gms.internal.firebase_messaging.zzg -> e.b.a.b.c.b.g:
com.google.android.gms.internal.firebase_messaging.zzh -> e.b.a.b.c.b.h:
com.google.android.gms.internal.firebase_messaging.zzi -> e.b.a.b.c.b.i:
    com.google.android.gms.internal.firebase_messaging.zzf zzb -> b
    com.google.android.gms.internal.firebase_messaging.zzf zza -> a
    com.google.android.gms.internal.firebase_messaging.zzf zza() -> a
com.google.android.gms.internal.firebase_messaging.zzj -> e.b.a.b.c.b.j:
com.google.android.gms.internal.firebase_messaging.zzk -> e.b.a.b.c.b.k:
    long zzb -> e
    long zza -> d
com.google.android.gms.internal.firebase_messaging.zzl -> e.b.a.b.c.b.l:
    java.io.InputStream zza(java.io.InputStream,long) -> a
    byte[] zzb(java.io.InputStream) -> b
    byte[] zzc(java.util.Queue,int) -> c
com.google.android.gms.internal.firebase_messaging.zzm -> e.b.a.b.c.b.m:
    java.util.logging.Logger zza -> a
    void zza(java.io.InputStream) -> a
com.google.android.gms.internal.firebase_messaging.zzn -> e.b.a.b.c.b.n:
    com.google.android.gms.internal.firebase_messaging.zzr zzb -> b
    int zza -> a
com.google.android.gms.internal.firebase_messaging.zzo -> e.b.a.b.c.b.o:
    com.google.android.gms.internal.firebase_messaging.zzr zzb -> b
    int zza -> a
    com.google.android.gms.internal.firebase_messaging.zzo zza(int) -> a
    com.google.android.gms.internal.firebase_messaging.zzs zzb() -> b
com.google.android.gms.internal.firebase_messaging.zzp -> e.b.a.b.c.b.p:
    long zza -> d
    long zza() -> a
com.google.android.gms.internal.firebase_messaging.zzq -> e.b.a.b.c.b.q:
    int getNumber() -> a
com.google.android.gms.internal.firebase_messaging.zzr -> e.b.a.b.c.b.r:
    com.google.android.gms.internal.firebase_messaging.zzr zzc -> f
    com.google.android.gms.internal.firebase_messaging.zzr[] zzd -> g
    com.google.android.gms.internal.firebase_messaging.zzr zza -> d
    com.google.android.gms.internal.firebase_messaging.zzr zzb -> e
com.google.android.gms.internal.firebase_messaging.zzs -> e.b.a.b.c.b.s:
com.google.android.gms.internal.firebase_messaging.zzt -> e.b.a.b.c.b.t:
    com.google.android.gms.internal.firebase_messaging.zzt zza -> a
    void encode(java.lang.Object,java.lang.Object) -> a