build/app/outputs/mapping/release/usage.txt
com.elemes.ecobiz_mobile_flutter.R$id
com.elemes.ecobiz_mobile_flutter.R$layout
com.elemes.ecobiz_mobile_flutter.R$styleable
com.elemes.ecobiz_mobile_flutter.R$color
com.elemes.ecobiz_mobile_flutter.R$integer
com.elemes.ecobiz_mobile_flutter.R$anim
com.elemes.ecobiz_mobile_flutter.R$string
com.elemes.ecobiz_mobile_flutter.R
com.elemes.ecobiz_mobile_flutter.R$drawable
com.elemes.ecobiz_mobile_flutter.R$dimen
com.elemes.ecobiz_mobile_flutter.R$xml
com.elemes.ecobiz_mobile_flutter.R$animator
com.elemes.ecobiz_mobile_flutter.R$bool
com.elemes.ecobiz_mobile_flutter.BuildConfig
com.elemes.ecobiz_mobile_flutter.R$mipmap
com.elemes.ecobiz_mobile_flutter.R$attr
com.elemes.ecobiz_mobile_flutter.R$style
...
com.google.crypto.tink.proto.EciesAeadHkdfPrivateKey$1
com.google.common.collect.MinMaxPriorityQueue$1
com.google.common.base.Converter$1
androidx.security.crypto.EncryptedFile$EncryptedFileInputStream
com.google.thirdparty.publicsuffix.PublicSuffixType
com.google.crypto.tink.proto.KmsAeadKey$Builder:
    public int getVersion()
    public com.google.crypto.tink.proto.KmsAeadKey$Builder clearVersion()
    public boolean hasParams()
    public com.google.crypto.tink.proto.KmsAeadKeyFormat getParams()
    public com.google.crypto.tink.proto.KmsAeadKey$Builder setParams(com.google.crypto.tink.proto.KmsAeadKeyFormat$Builder)
    public com.google.crypto.tink.proto.KmsAeadKey$Builder mergeParams(com.google.crypto.tink.proto.KmsAeadKeyFormat)
    public com.google.crypto.tink.proto.KmsAeadKey$Builder clearParams()
com.google.crypto.tink.proto.HkdfPrfParamsOrBuilder
androidx.core.location.GnssStatusCompat$Callback
com.google.common.collect.AbstractMapBasedMultimap$NavigableKeySet
androidx.core.content.pm.ShortcutManagerCompat
kotlinx.coroutines.selects.SelectInstance
com.google.android.gms.common.BlockingServiceConnection
com.google.crypto.tink.proto.ChaCha20Poly1305KeyOrBuilder
androidx.core.widget.ScrollerCompat
com.google.firebase.installations.Utils:
    private static final java.lang.String APP_ID_IDENTIFICATION_SUBSTRING
androidx.security.crypto.MasterKey$Builder:
    public androidx.security.crypto.MasterKey$Builder setKeyScheme(androidx.security.crypto.MasterKey$KeyScheme)
    public androidx.security.crypto.MasterKey$Builder setUserAuthenticationRequired(boolean)
    public androidx.security.crypto.MasterKey$Builder setUserAuthenticationRequired(boolean,int)
    public androidx.security.crypto.MasterKey$Builder setRequestStrongBoxBacked(boolean)
kotlin.text.MatchResult$Destructured
io.flutter.plugins.firebase.core.FlutterFirebaseCorePlugin:
    private void <init>(android.content.Context)
    private static final java.lang.String KEY_API_KEY
    private static final java.lang.String KEY_APP_NAME
    private static final java.lang.String KEY_APP_ID
    private static final java.lang.String KEY_MESSAGING_SENDER_ID
    private static final java.lang.String KEY_PROJECT_ID
    private static final java.lang.String KEY_DATABASE_URL
    private static final java.lang.String KEY_STORAGE_BUCKET
    private static final java.lang.String KEY_OPTIONS
    private static final java.lang.String KEY_NAME
    private static final java.lang.String KEY_TRACKING_ID
    private static final java.lang.String KEY_ENABLED
    private static final java.lang.String KEY_IS_AUTOMATIC_DATA_COLLECTION_ENABLED
    private static final java.lang.String KEY_PLUGIN_CONSTANTS
    private static final java.lang.String CHANNEL_NAME
androidx.work.multiprocess.RemoteWorkContinuation
com.google.crypto.tink.prf.HmacPrfKeyManager$3
androidx.core.view.TintableBackgroundView
com.google.android.gms.common.Feature
javax.inject.Inject
com.google.common.base.Functions$FunctionForMapNoDefault
kotlinx.coroutines.test.TestCoroutineContext
com.google.firebase.annotations.PublicApi
com.google.common.eventbus.package-info
com.google.common.collect.MapMakerInternalMap$StrongKeyWeakValueEntry$Helper
com.google.common.cache.LocalCache$AccessQueue$2
androidx.work.impl.model.PreferenceDao_Impl$2
com.google.common.hash.HashingOutputStream
androidx.core.view.accessibility.AccessibilityNodeProviderCompat$AccessibilityNodeProviderApi19
kotlinx.coroutines.channels.ChannelIterator:
    public synthetic abstract java.lang.Object next(kotlin.coroutines.Continuation)
kotlin.collections.CollectionsKt___CollectionsKt$elementAt$1
com.google.common.reflect.TypeToken$TypeCollector$3
kotlin.collections.ArrayAsCollection
com.google.common.collect.Multimaps$Keys$1$1
com.google.android.datatransport.runtime.dagger.Binds
kotlin.properties.Delegates$vetoable$1
com.google.crypto.tink.HybridDecrypt
com.google.firebase.R
com.google.common.collect.Multisets$MultisetIteratorImpl
kotlin.internal.Exact